# JRE version: OpenJDK Runtime Environment (8.0_152-b01) (build 1.8.0_152-release-1343-b01)
# Java VM: OpenJDK 64-Bit Server VM (25.152-b01 mixed mode windows-amd64 compressed oops)
Heap:
 PSYoungGen      total 438784K, used 91563K [0x00000000e0000000, 0x0000000100000000, 0x0000000100000000)
  eden space 368640K, 24% used [0x00000000e0000000,0x00000000e596ae40,0x00000000f6800000)
  from space 70144K, 0% used [0x00000000fbb80000,0x00000000fbb80000,0x0000000100000000)
  to   space 77824K, 0% used [0x00000000f6800000,0x00000000f6800000,0x00000000fb400000)
 ParOldGen       total 394752K, used 81316K [0x00000000a0000000, 0x00000000b8180000, 0x00000000e0000000)
  object space 394752K, 20% used [0x00000000a0000000,0x00000000a4f691a0,0x00000000b8180000)
 Metaspace       used 99288K, capacity 103114K, committed 103320K, reserved 1138688K
  class space    used 12443K, capacity 13199K, committed 13224K, reserved 1048576K
GC Heap History (10 events):
Event: 156.821 GC heap before
{Heap before GC invocations=24 (full 3):
 PSYoungGen      total 363008K, used 362998K [0x00000000e0000000, 0x00000000f9280000, 0x0000000100000000)
  eden space 333824K, 100% used [0x00000000e0000000,0x00000000f4600000,0x00000000f4600000)
  from space 29184K, 99% used [0x00000000f6a80000,0x00000000f86fd960,0x00000000f8700000)
  to   space 37376K, 0% used [0x00000000f4600000,0x00000000f4600000,0x00000000f6a80000)
 ParOldGen       total 266240K, used 61184K [0x00000000a0000000, 0x00000000b0400000, 0x00000000e0000000)
  object space 266240K, 22% used [0x00000000a0000000,0x00000000a3bc0338,0x00000000b0400000)
 Metaspace       used 80420K, capacity 83280K, committed 83480K, reserved 1122304K
  class space    used 10334K, capacity 10960K, committed 11048K, reserved 1048576K
Event: 156.977 GC heap after
Heap after GC invocations=24 (full 3):
 PSYoungGen      total 371200K, used 37345K [0x00000000e0000000, 0x00000000fda00000, 0x0000000100000000)
  eden space 333824K, 0% used [0x00000000e0000000,0x00000000e0000000,0x00000000f4600000)
  from space 37376K, 99% used [0x00000000f4600000,0x00000000f6a78520,0x00000000f6a80000)
  to   space 46592K, 0% used [0x00000000fac80000,0x00000000fac80000,0x00000000fda00000)
 ParOldGen       total 266240K, used 71319K [0x00000000a0000000, 0x00000000b0400000, 0x00000000e0000000)
  object space 266240K, 26% used [0x00000000a0000000,0x00000000a45a5d30,0x00000000b0400000)
 Metaspace       used 80420K, capacity 83280K, committed 83480K, reserved 1122304K
  class space    used 10334K, capacity 10960K, committed 11048K, reserved 1048576K
}
Event: 167.386 GC heap before
{Heap before GC invocations=25 (full 3):
 PSYoungGen      total 371200K, used 371169K [0x00000000e0000000, 0x00000000fda00000, 0x0000000100000000)
  eden space 333824K, 100% used [0x00000000e0000000,0x00000000f4600000,0x00000000f4600000)
  from space 37376K, 99% used [0x00000000f4600000,0x00000000f6a78520,0x00000000f6a80000)
  to   space 46592K, 0% used [0x00000000fac80000,0x00000000fac80000,0x00000000fda00000)
 ParOldGen       total 266240K, used 71319K [0x00000000a0000000, 0x00000000b0400000, 0x00000000e0000000)
  object space 266240K, 26% used [0x00000000a0000000,0x00000000a45a5d30,0x00000000b0400000)
 Metaspace       used 83081K, capacity 86304K, committed 86552K, reserved 1124352K
  class space    used 10566K, capacity 11250K, committed 11304K, reserved 1048576K
Event: 167.457 GC heap after
Heap after GC invocations=25 (full 3):
 PSYoungGen      total 428032K, used 46576K [0x00000000e0000000, 0x00000000fee00000, 0x0000000100000000)
  eden space 381440K, 0% used [0x00000000e0000000,0x00000000e0000000,0x00000000f7480000)
  from space 46592K, 99% used [0x00000000fac80000,0x00000000fd9fc1e0,0x00000000fda00000)
  to   space 57344K, 0% used [0x00000000f7480000,0x00000000f7480000,0x00000000fac80000)
 ParOldGen       total 266240K, used 81005K [0x00000000a0000000, 0x00000000b0400000, 0x00000000e0000000)
  object space 266240K, 30% used [0x00000000a0000000,0x00000000a4f1b790,0x00000000b0400000)
 Metaspace       used 83081K, capacity 86304K, committed 86552K, reserved 1124352K
  class space    used 10566K, capacity 11250K, committed 11304K, reserved 1048576K
}
Event: 279.161 GC heap before
{Heap before GC invocations=26 (full 3):
 PSYoungGen      total 428032K, used 428016K [0x00000000e0000000, 0x00000000fee00000, 0x0000000100000000)
  eden space 381440K, 100% used [0x00000000e0000000,0x00000000f7480000,0x00000000f7480000)
  from space 46592K, 99% used [0x00000000fac80000,0x00000000fd9fc1e0,0x00000000fda00000)
  to   space 57344K, 0% used [0x00000000f7480000,0x00000000f7480000,0x00000000fac80000)
 ParOldGen       total 266240K, used 81005K [0x00000000a0000000, 0x00000000b0400000, 0x00000000e0000000)
  object space 266240K, 30% used [0x00000000a0000000,0x00000000a4f1b790,0x00000000b0400000)
 Metaspace       used 90844K, capacity 94524K, committed 94872K, reserved 1132544K
  class space    used 11342K, capacity 12122K, committed 12200K, reserved 1048576K
Event: 279.258 GC heap after
Heap after GC invocations=26 (full 3):
 PSYoungGen      total 438784K, used 57318K [0x00000000e0000000, 0x0000000100000000, 0x0000000100000000)
  eden space 381440K, 0% used [0x00000000e0000000,0x00000000e0000000,0x00000000f7480000)
  from space 57344K, 99% used [0x00000000f7480000,0x00000000fac79a10,0x00000000fac80000)
  to   space 70144K, 0% used [0x00000000fbb80000,0x00000000fbb80000,0x0000000100000000)
 ParOldGen       total 266240K, used 91445K [0x00000000a0000000, 0x00000000b0400000, 0x00000000e0000000)
  object space 266240K, 34% used [0x00000000a0000000,0x00000000a594d690,0x00000000b0400000)
 Metaspace       used 90844K, capacity 94524K, committed 94872K, reserved 1132544K
  class space    used 11342K, capacity 12122K, committed 12200K, reserved 1048576K
}
Event: 300.559 GC heap before
{Heap before GC invocations=27 (full 3):
 PSYoungGen      total 438784K, used 262494K [0x00000000e0000000, 0x0000000100000000, 0x0000000100000000)
  eden space 381440K, 53% used [0x00000000e0000000,0x00000000ec85df00,0x00000000f7480000)
  from space 57344K, 99% used [0x00000000f7480000,0x00000000fac79a10,0x00000000fac80000)
  to   space 70144K, 0% used [0x00000000fbb80000,0x00000000fbb80000,0x0000000100000000)
 ParOldGen       total 266240K, used 91445K [0x00000000a0000000, 0x00000000b0400000, 0x00000000e0000000)
  object space 266240K, 34% used [0x00000000a0000000,0x00000000a594d690,0x00000000b0400000)
 Metaspace       used 94823K, capacity 98510K, committed 98600K, reserved 1134592K
  class space    used 11883K, capacity 12671K, committed 12712K, reserved 1048576K
Event: 300.688 GC heap after
Heap after GC invocations=27 (full 3):
 PSYoungGen      total 438784K, used 60532K [0x00000000e0000000, 0x0000000100000000, 0x0000000100000000)
  eden space 368640K, 0% used [0x00000000e0000000,0x00000000e0000000,0x00000000f6800000)
  from space 70144K, 86% used [0x00000000fbb80000,0x00000000ff69d0c0,0x0000000100000000)
  to   space 77824K, 0% used [0x00000000f6800000,0x00000000f6800000,0x00000000fb400000)
 ParOldGen       total 266240K, used 91453K [0x00000000a0000000, 0x00000000b0400000, 0x00000000e0000000)
  object space 266240K, 34% used [0x00000000a0000000,0x00000000a594f690,0x00000000b0400000)
 Metaspace       used 94823K, capacity 98510K, committed 98600K, reserved 1134592K
  class space    used 11883K, capacity 12671K, committed 12712K, reserved 1048576K
}
Event: 300.688 GC heap before
{Heap before GC invocations=28 (full 4):
 PSYoungGen      total 438784K, used 60532K [0x00000000e0000000, 0x0000000100000000, 0x0000000100000000)
  eden space 368640K, 0% used [0x00000000e0000000,0x00000000e0000000,0x00000000f6800000)
  from space 70144K, 86% used [0x00000000fbb80000,0x00000000ff69d0c0,0x0000000100000000)
  to   space 77824K, 0% used [0x00000000f6800000,0x00000000f6800000,0x00000000fb400000)
 ParOldGen       total 266240K, used 91453K [0x00000000a0000000, 0x00000000b0400000, 0x00000000e0000000)
  object space 266240K, 34% used [0x00000000a0000000,0x00000000a594f690,0x00000000b0400000)
 Metaspace       used 94823K, capacity 98510K, committed 98600K, reserved 1134592K
  class space    used 11883K, capacity 12671K, committed 12712K, reserved 1048576K
Event: 301.182 GC heap after
Heap after GC invocations=28 (full 4):
 PSYoungGen      total 438784K, used 0K [0x00000000e0000000, 0x0000000100000000, 0x0000000100000000)
  eden space 368640K, 0% used [0x00000000e0000000,0x00000000e0000000,0x00000000f6800000)
  from space 70144K, 0% used [0x00000000fbb80000,0x00000000fbb80000,0x0000000100000000)
  to   space 77824K, 0% used [0x00000000f6800000,0x00000000f6800000,0x00000000fb400000)
 ParOldGen       total 394752K, used 81316K [0x00000000a0000000, 0x00000000b8180000, 0x00000000e0000000)
  object space 394752K, 20% used [0x00000000a0000000,0x00000000a4f691a0,0x00000000b8180000)
 Metaspace       used 94791K, capacity 98468K, committed 98600K, reserved 1134592K
  class space    used 11873K, capacity 12658K, committed 12712K, reserved 1048576K
}

